<?xml version="1.0" encoding="UTF-8"?>
<!-- Generated by org.testng.reporters.JUnitReportReporter -->
<testsuite skipped="1" hostname="LAPTOP-0RJKPN1U" name="com.learning.automation.MyNewtoursTest" tests="12" failures="0" timestamp="2019-12-07T11:03:31 CST" time="64.397" errors="0">
  <testcase name="testSignOnLink" time="3.162" classname="com.learning.automation.MyNewtoursTest"/>
  <testcase name="testContinueButton1" time="5.143" classname="com.learning.automation.MyNewtoursTest"/>
  <testcase name="testFlightFinder" time="6.972" classname="com.learning.automation.MyNewtoursTest"/>
  <testcase name="testSelectFlight" time="8.006" classname="com.learning.automation.MyNewtoursTest"/>
  <testcase name="verifyHomepageTitle" time="3.265" classname="com.learning.automation.MyNewtoursTest"/>
  <testcase name="testSecurePurchaseButton" time="6.324" classname="com.learning.automation.MyNewtoursTest"/>
  <testcase name="testContinueButton2" time="5.666" classname="com.learning.automation.MyNewtoursTest"/>
  <testcase name="testFlightBooked" time="6.412" classname="com.learning.automation.MyNewtoursTest"/>
  <testcase name="testSignOn" time="5.079" classname="com.learning.automation.MyNewtoursTest"/>
  <testcase name="testSubmitButton" time="3.455" classname="com.learning.automation.MyNewtoursTest"/>
  <testcase name="testBookFlight" time="10.913" classname="com.learning.automation.MyNewtoursTest"/>
  <testcase name="learningArray" classname="com.learning.automation.MyNewtoursTest">
    <skipped/>
  </testcase> <!-- learningArray -->
</testsuite> <!-- com.learning.automation.MyNewtoursTest -->
