<?xml version="1.0" encoding="UTF-8"?>
<!-- Generated by org.testng.reporters.JUnitReportReporter -->
<testsuite skipped="0" hostname="LAPTOP-0RJKPN1U" name="com.java.learning.automation.Arrays" tests="2" failures="0" timestamp="2019-12-17T15:53:42 CST" time="0.017" errors="0">
  <testcase name="myTwoArrayMethod" time="0.004" classname="com.java.learning.automation.Arrays"/>
  <testcase name="myArrayMethod" time="0.013" classname="com.java.learning.automation.Arrays"/>
</testsuite> <!-- com.java.learning.automation.Arrays -->
