<?xml version="1.0" encoding="UTF-8"?>
<!-- Generated by org.testng.reporters.JUnitReportReporter -->
<testsuite skipped="0" hostname="LAPTOP-0RJKPN1U" name="com.learning.automation.EmailPractice2" tests="1" failures="0" timestamp="2019-11-24T13:54:51 CST" time="3.720" errors="0">
  <testcase name="verifyHomepageTitle" time="3.720" classname="com.learning.automation.EmailPractice2"/>
</testsuite> <!-- com.learning.automation.EmailPractice2 -->
