<?xml version="1.0" encoding="UTF-8"?>
<!-- Generated by org.testng.reporters.JUnitReportReporter -->
<testsuite skipped="0" hostname="LAPTOP-0RJKPN1U" name="com.learning.automation.MySeleniumAutomation" tests="6" failures="0" timestamp="2019-12-17T14:53:35 CST" time="30.897" errors="0">
  <testcase name="testTheRegisterLink" time="3.392" classname="com.learning.automation.MySeleniumAutomation"/>
  <testcase name="testSubmitButton" time="3.502" classname="com.learning.automation.MySeleniumAutomation"/>
  <testcase name="takeScreenshotView" time="3.445" classname="com.learning.automation.MySeleniumAutomation"/>
  <testcase name="verifyHomepageTitle" time="4.464" classname="com.learning.automation.MySeleniumAutomation"/>
  <testcase name="verifyRegistration" time="6.673" classname="com.learning.automation.MySeleniumAutomation"/>
  <testcase name="SubmitButton" time="9.421" classname="com.learning.automation.MySeleniumAutomation"/>
</testsuite> <!-- com.learning.automation.MySeleniumAutomation -->
